2024-12-09 09:51:31 INFO  TestBase:43 - Browser Name: chrome
2024-12-09 09:51:34 INFO  TestBase:57 - Application URL : https://www.giva.co/
2024-12-09 09:51:39 INFO  TestBase:43 - Browser Name: chrome
2024-12-09 09:51:40 INFO  TestBase:57 - Application URL : https://www.giva.co/
2024-12-09 09:51:42 INFO  TestBase:43 - Browser Name: chrome
2024-12-09 09:51:44 INFO  TestBase:57 - Application URL : https://www.giva.co/
2024-12-09 09:51:46 INFO  TestBase:53 - User Login the application
2024-12-09 09:51:52 INFO  TestBase:43 - Browser Name: chrome
2024-12-09 09:51:53 INFO  TestBase:57 - Application URL : https://www.giva.co/
2024-12-09 09:51:55 INFO  TestBase:62 - Multiple User login the application
2024-12-09 09:52:00 INFO  TestBase:43 - Browser Name: chrome
2024-12-09 09:52:01 INFO  TestBase:57 - Application URL : https://www.giva.co/
2024-12-09 09:52:04 INFO  TestBase:62 - Multiple User login the application
2024-12-09 09:52:08 INFO  TestBase:43 - Browser Name: chrome
2024-12-09 09:52:09 INFO  TestBase:57 - Application URL : https://www.giva.co/
2024-12-09 09:52:12 INFO  TestBase:62 - Multiple User login the application
2024-12-09 09:52:16 INFO  TestBase:43 - Browser Name: chrome
2024-12-09 09:52:17 INFO  TestBase:57 - Application URL : https://www.giva.co/
2024-12-09 09:52:19 INFO  TestBase:62 - Multiple User login the application
2024-12-09 09:52:24 INFO  TestBase:43 - Browser Name: chrome
2024-12-09 09:52:25 INFO  TestBase:57 - Application URL : https://www.giva.co/
2024-12-09 09:52:27 INFO  TestBase:79 - select the Store using city
2024-12-09 09:52:37 INFO  TestBase:43 - Browser Name: chrome
2024-12-09 09:52:38 INFO  TestBase:57 - Application URL : https://www.giva.co/
2024-12-09 09:52:40 INFO  TestBase:89 - Store page
2024-12-09 09:52:42 INFO  TestBase:91 - Store page logo clicked
2024-12-09 09:52:42 INFO  TestBase:93 - clicekd on gift store
2024-12-09 09:52:44 INFO  TestBase:95 - Clicked on giva giftstore
2024-12-09 09:52:44 INFO  TestBase:43 - Browser Name: chrome
2024-12-09 09:52:46 INFO  TestBase:57 - Application URL : https://www.giva.co/
2024-12-09 09:52:48 INFO  TestBase:62 - Guest searching the product in application
2024-12-09 09:52:57 INFO  TestBase:68 - Guest buy the product item
2024-12-09 09:52:58 INFO  TestBase:43 - Browser Name: chrome
2024-12-09 09:52:59 INFO  TestBase:57 - Application URL : https://www.giva.co/
2024-12-09 09:53:01 INFO  TestBase:73 - User Trying to login into the application
2024-12-09 09:53:01 INFO  TestBase:53 - User Login the application
2024-12-09 09:53:06 INFO  TestBase:75 - User searching the product in application
2024-12-09 09:53:15 INFO  TestBase:81 - User Add the product item into cart
2024-12-09 09:53:21 INFO  TestBase:43 - Browser Name: chrome
2024-12-09 09:53:22 INFO  TestBase:57 - Application URL : https://www.giva.co/
2024-12-09 09:53:24 INFO  TestBase:62 - Guest searching the product in application
2024-12-09 09:53:33 INFO  TestBase:68 - Guest buy the product item
2024-12-09 09:53:33 INFO  TestBase:121 - Guest checkout securely
2024-12-09 09:53:45 INFO  TestBase:132 - Payment Done
2024-12-09 09:53:46 INFO  TestBase:43 - Browser Name: chrome
2024-12-09 09:53:47 INFO  TestBase:57 - Application URL : https://www.giva.co/
2024-12-09 09:53:49 INFO  TestBase:62 - Guest searching the product in application
2024-12-09 09:53:58 INFO  TestBase:68 - Guest buy the product item
2024-12-09 09:53:58 INFO  TestBase:121 - Guest checkout securely
2024-12-09 09:54:09 INFO  TestBase:132 - Payment Done
2024-12-09 09:54:10 INFO  TestBase:43 - Browser Name: chrome
2024-12-09 09:54:11 INFO  TestBase:57 - Application URL : https://www.giva.co/
2024-12-09 09:54:13 INFO  TestBase:73 - User Trying to login into the application
2024-12-09 09:54:13 INFO  TestBase:53 - User Login the application
2024-12-09 09:54:18 INFO  TestBase:75 - User searching the product in application
2024-12-09 09:54:27 INFO  TestBase:81 - User Add the product item into cart
2024-12-09 09:54:34 INFO  TestBase:55 - Add the product item to cart
2024-12-09 09:54:40 INFO  TestBase:141 - User checkout securely
2024-12-09 09:54:46 INFO  TestBase:148 - Payment Done
2024-12-09 09:54:47 INFO  TestBase:43 - Browser Name: chrome
2024-12-09 09:54:48 INFO  TestBase:57 - Application URL : https://www.giva.co/
2024-12-09 09:54:50 INFO  TestBase:73 - User Trying to login into the application
2024-12-09 09:54:50 INFO  TestBase:53 - User Login the application
2024-12-09 09:54:55 INFO  TestBase:75 - User searching the product in application
2024-12-09 09:55:03 INFO  TestBase:81 - User Add the product item into cart
2024-12-09 09:55:11 INFO  TestBase:55 - Add the product item to cart
2024-12-09 09:55:16 INFO  TestBase:141 - User checkout securely
2024-12-09 09:55:23 INFO  TestBase:148 - Payment Done
2024-12-09 09:55:24 INFO  TestBase:43 - Browser Name: chrome
2024-12-09 09:55:25 INFO  TestBase:57 - Application URL : https://www.giva.co/
2024-12-09 09:55:27 INFO  TestBase:68 - Register the application
2024-12-09 09:55:33 INFO  TestBase:43 - Browser Name: chrome
2024-12-09 09:55:34 INFO  TestBase:57 - Application URL : https://www.giva.co/
2024-12-09 09:55:36 INFO  TestBase:68 - Register the application
2024-12-09 09:55:42 INFO  TestBase:43 - Browser Name: chrome
2024-12-09 09:55:43 INFO  TestBase:57 - Application URL : https://www.giva.co/
2024-12-09 09:55:46 INFO  TestBase:68 - Register the application
2024-12-09 09:55:52 INFO  TestBase:43 - Browser Name: chrome
2024-12-09 09:55:53 INFO  TestBase:57 - Application URL : https://www.giva.co/
2024-12-09 09:55:55 INFO  TestBase:68 - Register the application
2024-12-09 09:56:02 INFO  TestBase:43 - Browser Name: chrome
2024-12-09 09:56:03 INFO  TestBase:57 - Application URL : https://www.giva.co/
2024-12-09 09:56:07 INFO  TestBase:55 - Add the product item to cart
2024-12-09 09:56:08 INFO  TestBase:43 - Browser Name: chrome
2024-12-09 09:56:09 INFO  TestBase:57 - Application URL : https://www.giva.co/
2024-12-09 09:56:12 INFO  TestBase:73 - User Trying to login into the application
2024-12-09 09:56:12 INFO  TestBase:53 - User Login the application
2024-12-09 09:56:16 INFO  TestBase:75 - User searching the product in application
2024-12-09 09:56:25 INFO  TestBase:81 - User Add the product item into cart
2024-12-09 09:56:32 INFO  TestBase:63 - Open the cart
2024-12-09 10:41:23 INFO  TestBase:43 - Browser Name: chrome
2024-12-09 10:41:24 INFO  TestBase:57 - Application URL : https://www.giva.co/
2024-12-09 10:41:28 INFO  TestBase:43 - Browser Name: chrome
2024-12-09 10:41:29 INFO  TestBase:57 - Application URL : https://www.giva.co/
2024-12-09 10:41:32 INFO  TestBase:43 - Browser Name: chrome
2024-12-09 10:41:33 INFO  TestBase:57 - Application URL : https://www.giva.co/
2024-12-09 10:41:43 INFO  TestBase:53 - User Login the application
2024-12-09 10:41:49 INFO  TestBase:43 - Browser Name: chrome
2024-12-09 10:41:50 INFO  TestBase:57 - Application URL : https://www.giva.co/
2024-12-09 10:41:53 INFO  TestBase:62 - Multiple User login the application
2024-12-09 10:41:57 INFO  TestBase:43 - Browser Name: chrome
2024-12-09 10:41:58 INFO  TestBase:57 - Application URL : https://www.giva.co/
2024-12-09 10:42:01 INFO  TestBase:62 - Multiple User login the application
2024-12-09 10:42:05 INFO  TestBase:43 - Browser Name: chrome
2024-12-09 10:42:06 INFO  TestBase:57 - Application URL : https://www.giva.co/
2024-12-09 10:42:09 INFO  TestBase:62 - Multiple User login the application
2024-12-09 10:42:14 INFO  TestBase:43 - Browser Name: chrome
2024-12-09 10:42:15 INFO  TestBase:57 - Application URL : https://www.giva.co/
2024-12-09 10:42:18 INFO  TestBase:62 - Multiple User login the application
2024-12-09 10:42:23 INFO  TestBase:43 - Browser Name: chrome
2024-12-09 10:42:24 INFO  TestBase:57 - Application URL : https://www.giva.co/
2024-12-09 10:42:26 INFO  TestBase:79 - select the Store using city
2024-12-09 10:42:37 INFO  TestBase:43 - Browser Name: chrome
2024-12-09 10:42:38 INFO  TestBase:57 - Application URL : https://www.giva.co/
2024-12-09 10:42:41 INFO  TestBase:89 - Store page
2024-12-09 10:42:43 INFO  TestBase:91 - Store page logo clicked
2024-12-09 10:42:43 INFO  TestBase:93 - clicekd on gift store
2024-12-09 10:42:45 INFO  TestBase:95 - Clicked on giva giftstore
2024-12-09 10:42:45 INFO  TestBase:43 - Browser Name: chrome
2024-12-09 10:42:46 INFO  TestBase:57 - Application URL : https://www.giva.co/
2024-12-09 10:42:49 INFO  TestBase:62 - Guest searching the product in application
2024-12-09 10:42:58 INFO  TestBase:68 - Guest buy the product item
2024-12-09 10:42:59 INFO  TestBase:43 - Browser Name: chrome
2024-12-09 10:43:00 INFO  TestBase:57 - Application URL : https://www.giva.co/
2024-12-09 10:43:01 INFO  TestBase:73 - User Trying to login into the application
2024-12-09 10:43:01 INFO  TestBase:53 - User Login the application
2024-12-09 10:43:06 INFO  TestBase:75 - User searching the product in application
2024-12-09 10:43:15 INFO  TestBase:81 - User Add the product item into cart
2024-12-09 10:43:20 INFO  TestBase:43 - Browser Name: chrome
2024-12-09 10:43:21 INFO  TestBase:57 - Application URL : https://www.giva.co/
2024-12-09 10:43:24 INFO  TestBase:62 - Guest searching the product in application
2024-12-09 10:43:33 INFO  TestBase:68 - Guest buy the product item
2024-12-09 10:43:34 INFO  TestBase:121 - Guest checkout securely
2024-12-09 10:43:45 INFO  TestBase:132 - Payment Done
2024-12-09 10:43:46 INFO  TestBase:43 - Browser Name: chrome
2024-12-09 10:43:47 INFO  TestBase:57 - Application URL : https://www.giva.co/
2024-12-09 10:43:50 INFO  TestBase:62 - Guest searching the product in application
2024-12-09 10:43:59 INFO  TestBase:68 - Guest buy the product item
2024-12-09 10:43:59 INFO  TestBase:121 - Guest checkout securely
2024-12-09 10:44:10 INFO  TestBase:132 - Payment Done
2024-12-09 10:44:11 INFO  TestBase:43 - Browser Name: chrome
2024-12-09 10:44:12 INFO  TestBase:57 - Application URL : https://www.giva.co/
2024-12-09 10:44:15 INFO  TestBase:73 - User Trying to login into the application
2024-12-09 10:44:15 INFO  TestBase:53 - User Login the application
2024-12-09 10:44:19 INFO  TestBase:75 - User searching the product in application
2024-12-09 10:44:28 INFO  TestBase:81 - User Add the product item into cart
2024-12-09 10:44:39 INFO  TestBase:55 - Add the product item to cart
2024-12-09 10:44:39 INFO  TestBase:141 - User checkout securely
2024-12-09 10:44:45 INFO  TestBase:43 - Browser Name: chrome
2024-12-09 10:44:46 INFO  TestBase:57 - Application URL : https://www.giva.co/
2024-12-09 10:44:49 INFO  TestBase:73 - User Trying to login into the application
2024-12-09 10:44:49 INFO  TestBase:53 - User Login the application
2024-12-09 10:44:53 INFO  TestBase:75 - User searching the product in application
2024-12-09 10:45:03 INFO  TestBase:81 - User Add the product item into cart
2024-12-09 10:45:10 INFO  TestBase:55 - Add the product item to cart
2024-12-09 10:45:15 INFO  TestBase:141 - User checkout securely
2024-12-09 10:45:22 INFO  TestBase:148 - Payment Done
2024-12-09 10:45:23 INFO  TestBase:43 - Browser Name: chrome
2024-12-09 10:45:24 INFO  TestBase:57 - Application URL : https://www.giva.co/
2024-12-09 10:45:26 INFO  TestBase:68 - Register the application
2024-12-09 10:45:32 INFO  TestBase:43 - Browser Name: chrome
2024-12-09 10:45:33 INFO  TestBase:57 - Application URL : https://www.giva.co/
2024-12-09 10:45:36 INFO  TestBase:68 - Register the application
2024-12-09 10:45:42 INFO  TestBase:43 - Browser Name: chrome
2024-12-09 10:45:43 INFO  TestBase:57 - Application URL : https://www.giva.co/
2024-12-09 10:45:46 INFO  TestBase:68 - Register the application
2024-12-09 10:45:52 INFO  TestBase:43 - Browser Name: chrome
2024-12-09 10:45:53 INFO  TestBase:57 - Application URL : https://www.giva.co/
2024-12-09 10:45:55 INFO  TestBase:68 - Register the application
2024-12-09 10:46:01 INFO  TestBase:43 - Browser Name: chrome
2024-12-09 10:46:02 INFO  TestBase:57 - Application URL : https://www.giva.co/
2024-12-09 10:46:07 INFO  TestBase:55 - Add the product item to cart
2024-12-09 10:46:08 INFO  TestBase:43 - Browser Name: chrome
2024-12-09 10:46:08 INFO  TestBase:57 - Application URL : https://www.giva.co/
2024-12-09 10:46:11 INFO  TestBase:73 - User Trying to login into the application
2024-12-09 10:46:11 INFO  TestBase:53 - User Login the application
2024-12-09 10:46:15 INFO  TestBase:75 - User searching the product in application
2024-12-09 10:46:24 INFO  TestBase:81 - User Add the product item into cart
2024-12-09 10:46:31 INFO  TestBase:63 - Open the cart
2024-12-09 11:22:22 INFO  TestBase:43 - Browser Name: chrome
2024-12-09 11:22:23 INFO  TestBase:57 - Application URL : https://www.giva.co/
2024-12-09 11:22:27 INFO  TestBase:43 - Browser Name: chrome
2024-12-09 11:22:28 INFO  TestBase:57 - Application URL : https://www.giva.co/
2024-12-09 11:22:31 INFO  TestBase:43 - Browser Name: chrome
2024-12-09 11:22:32 INFO  TestBase:57 - Application URL : https://www.giva.co/
2024-12-09 11:22:34 INFO  TestBase:53 - User Login the application
2024-12-09 11:22:40 INFO  TestBase:43 - Browser Name: chrome
2024-12-09 11:22:41 INFO  TestBase:57 - Application URL : https://www.giva.co/
2024-12-09 11:24:14 INFO  TestBase:43 - Browser Name: chrome
2024-12-09 11:24:15 INFO  TestBase:57 - Application URL : https://www.giva.co/
2024-12-09 11:24:20 INFO  TestBase:43 - Browser Name: chrome
2024-12-09 11:24:21 INFO  TestBase:57 - Application URL : https://www.giva.co/
2024-12-09 11:24:24 INFO  TestBase:43 - Browser Name: chrome
2024-12-09 11:24:25 INFO  TestBase:57 - Application URL : https://www.giva.co/
2024-12-09 11:24:27 INFO  TestBase:53 - User Login the application
2024-12-09 11:24:33 INFO  TestBase:43 - Browser Name: chrome
2024-12-09 11:24:34 INFO  TestBase:57 - Application URL : https://www.giva.co/
2024-12-09 11:24:37 INFO  TestBase:62 - Multiple User login the application
2024-12-09 11:24:42 INFO  TestBase:43 - Browser Name: chrome
2024-12-09 11:24:43 INFO  TestBase:57 - Application URL : https://www.giva.co/
2024-12-09 11:24:46 INFO  TestBase:62 - Multiple User login the application
2024-12-09 11:24:50 INFO  TestBase:43 - Browser Name: chrome
2024-12-09 11:24:51 INFO  TestBase:57 - Application URL : https://www.giva.co/
2024-12-09 11:24:54 INFO  TestBase:62 - Multiple User login the application
2024-12-09 11:24:58 INFO  TestBase:43 - Browser Name: chrome
2024-12-09 11:25:00 INFO  TestBase:57 - Application URL : https://www.giva.co/
2024-12-09 11:25:03 INFO  TestBase:79 - select the Store using city
2024-12-09 11:25:12 INFO  TestBase:43 - Browser Name: chrome
2024-12-09 11:25:13 INFO  TestBase:57 - Application URL : https://www.giva.co/
2024-12-09 11:25:15 INFO  TestBase:89 - Store page
2024-12-09 11:25:17 INFO  TestBase:91 - Store page logo clicked
2024-12-09 11:25:17 INFO  TestBase:93 - clicekd on gift store
2024-12-09 11:25:19 INFO  TestBase:95 - Clicked on giva giftstore
2024-12-09 11:25:20 INFO  TestBase:43 - Browser Name: chrome
2024-12-09 11:25:21 INFO  TestBase:57 - Application URL : https://www.giva.co/
2024-12-09 11:25:23 INFO  TestBase:62 - Guest searching the product in application
2024-12-09 11:25:33 INFO  TestBase:68 - Guest buy the product item
2024-12-09 11:25:33 INFO  TestBase:43 - Browser Name: chrome
2024-12-09 11:25:34 INFO  TestBase:57 - Application URL : https://www.giva.co/
2024-12-09 11:25:37 INFO  TestBase:73 - User Trying to login into the application
2024-12-09 11:25:37 INFO  TestBase:53 - User Login the application
2024-12-09 11:25:42 INFO  TestBase:75 - User searching the product in application
2024-12-09 11:25:51 INFO  TestBase:81 - User Add the product item into cart
2024-12-09 11:25:57 INFO  TestBase:43 - Browser Name: chrome
2024-12-09 11:25:58 INFO  TestBase:57 - Application URL : https://www.giva.co/
2024-12-09 11:26:01 INFO  TestBase:62 - Guest searching the product in application
2024-12-09 11:26:10 INFO  TestBase:68 - Guest buy the product item
2024-12-09 11:26:10 INFO  TestBase:121 - Guest checkout securely
2024-12-09 11:26:22 INFO  TestBase:132 - Payment Done
2024-12-09 11:26:23 INFO  TestBase:43 - Browser Name: chrome
2024-12-09 11:26:24 INFO  TestBase:57 - Application URL : https://www.giva.co/
2024-12-09 11:26:27 INFO  TestBase:73 - User Trying to login into the application
2024-12-09 11:26:27 INFO  TestBase:53 - User Login the application
2024-12-09 11:26:32 INFO  TestBase:75 - User searching the product in application
2024-12-09 11:26:42 INFO  TestBase:81 - User Add the product item into cart
2024-12-09 11:26:49 INFO  TestBase:55 - Add the product item to cart
2024-12-09 11:26:55 INFO  TestBase:141 - User checkout securely
2024-12-09 11:27:02 INFO  TestBase:148 - Payment Done
2024-12-09 11:27:02 INFO  TestBase:43 - Browser Name: chrome
2024-12-09 11:27:03 INFO  TestBase:57 - Application URL : https://www.giva.co/
2024-12-09 11:27:06 INFO  TestBase:68 - Register the application
2024-12-09 11:27:12 INFO  TestBase:43 - Browser Name: chrome
2024-12-09 11:27:13 INFO  TestBase:57 - Application URL : https://www.giva.co/
2024-12-09 11:27:15 INFO  TestBase:68 - Register the application
2024-12-09 11:27:21 INFO  TestBase:43 - Browser Name: chrome
2024-12-09 11:27:22 INFO  TestBase:57 - Application URL : https://www.giva.co/
2024-12-09 11:27:24 INFO  TestBase:68 - Register the application
2024-12-09 11:27:30 INFO  TestBase:43 - Browser Name: chrome
2024-12-09 11:27:31 INFO  TestBase:57 - Application URL : https://www.giva.co/
2024-12-09 11:27:44 INFO  TestBase:55 - Add the product item to cart
2024-12-09 11:27:45 INFO  TestBase:43 - Browser Name: chrome
2024-12-09 11:27:46 INFO  TestBase:57 - Application URL : https://www.giva.co/
2024-12-09 11:27:48 INFO  TestBase:73 - User Trying to login into the application
2024-12-09 11:27:48 INFO  TestBase:53 - User Login the application
2024-12-09 11:27:53 INFO  TestBase:75 - User searching the product in application
2024-12-09 11:28:02 INFO  TestBase:81 - User Add the product item into cart
2024-12-09 11:28:10 INFO  TestBase:63 - Open the cart
